<?xml version="1.0" encoding="UTF-8"?>
<!-- Generated by org.testng.reporters.JUnitReportReporter -->
<testsuite hostname="DESKTOP-AVIS8DF" failures="0" tests="1" name="other_1clx_tests.BrokenImagetest" time="43.344" errors="0" timestamp="22 Mar 2023 06:01:58 GMT" skipped="0">
  <testcase classname="other_1clx_tests.BrokenImagetest" name="f" time="43.344"/>
</testsuite> <!-- other_1clx_tests.BrokenImagetest -->
